<?xml version="1.0" encoding="UTF-8"?>
<!-- Generated by org.testng.reporters.JUnitReportReporter -->
<testsuite hostname="DESKTOP-RK1ATAI" failures="0" tests="1" name="tests.Login" time="49.105" errors="0" timestamp="2021-12-26T20:20:16 BDT" skipped="0">
  <testcase classname="tests.Login" name="loginTest" time="49.105"/>
  <system-out/>
</testsuite> <!-- tests.Login -->
